<?xml version="1.0" encoding="UTF-8"?>
<!-- Generated by org.testng.reporters.JUnitXMLReporter -->
<testsuite ignored="2" hostname="Sun0922" failures="1" tests="18" name="D:/IDEAProjects/demo111" time="8.827" errors="0" timestamp="16 9æœˆ 2024 14:13:10 GMT">
  <testcase classname="org.example.demo111.TestCase.TestCMCC" name="test3" time="1.436"/>
  <testcase classname="org.example.demo111.TestCase.TestCMCC" name="test4_jf0001" time="1.193"/>
  <testcase classname="org.example.demo111.TestCase.TestCMCC" name="test6_jf0006_smsCodefail" time="2.017"/>
  <testcase classname="org.example.demo111.TestCase.TestCMCC" name="test6_jf0006_smsCodeSuccess" time="3.015"/>
  <testcase classname="org.example.demo111.TestCase.TestCMCC" name="test8_boc_smsCodeSuccess" time="0.015"/>
  <testcase classname="org.example.demo111.TestCase.ExcelDataTest" name="testLogin" time="0.48"/>
  <testcase classname="org.example.demo111.TestCase.ExcelDataTest" name="testLogin" time="0.016"/>
  <testcase classname="org.example.demo111.TestCase.ExcelDataTest" name="testLogin" time="0.012"/>
  <testcase classname="org.example.demo111.TestCase.ExcelDataTest" name="testLogin" time="0.012"/>
  <testcase classname="org.example.demo111.TestCase.ExcelDataTest" name="testLogin" time="0.009"/>
  <testcase classname="org.example.demo111.TestCase.ExcelDataTest" name="testLogin" time="0.008"/>
  <testcase classname="org.example.demo111.TestCase.TestCMCC" name="test7_boc_smsCodefail" time="0.012"/>
  <testcase classname="org.example.demo111.TestCase.TestCMCC" name="test11_demo_post_Json_fail" time="0.028">
    <failure type="java.lang.AssertionError" message="expected [8888] but found [9999]">
      <![CDATA[java.lang.AssertionError: expected [8888] but found [9999]
at org.testng.Assert.fail(Assert.java:96)
at org.testng.Assert.failNotEquals(Assert.java:776)
at org.testng.Assert.assertEqualsImpl(Assert.java:137)
at org.testng.Assert.assertEquals(Assert.java:118)
at org.testng.Assert.assertEquals(Assert.java:453)
at org.testng.Assert.assertEquals(Assert.java:463)
at org.example.demo111.TestCase.TestCMCC.test11_demo_post_Json_fail(TestCMCC.java:172)
at java.base/jdk.internal.reflect.DirectMethodHandleAccessor.invoke(DirectMethodHandleAccessor.java:103)
at java.base/java.lang.reflect.Method.invoke(Method.java:580)
at org.testng.internal.MethodInvocationHelper.invokeMethod(MethodInvocationHelper.java:124)
at org.testng.internal.Invoker.invokeMethod(Invoker.java:583)
at org.testng.internal.Invoker.invokeTestMethod(Invoker.java:719)
at org.testng.internal.Invoker.invokeTestMethods(Invoker.java:989)
at org.testng.internal.TestMethodWorker.invokeTestMethods(TestMethodWorker.java:125)
at org.testng.internal.TestMethodWorker.run(TestMethodWorker.java:109)
at org.testng.TestRunner.privateRun(TestRunner.java:648)
at org.testng.TestRunner.run(TestRunner.java:505)
at org.testng.SuiteRunner.runTest(SuiteRunner.java:455)
at org.testng.SuiteRunner.runSequentially(SuiteRunner.java:450)
at org.testng.SuiteRunner.privateRun(SuiteRunner.java:415)
at org.testng.SuiteRunner.run(SuiteRunner.java:364)
at org.testng.SuiteRunnerWorker.runSuite(SuiteRunnerWorker.java:52)
at org.testng.SuiteRunnerWorker.run(SuiteRunnerWorker.java:84)
at org.testng.TestNG.runSuitesSequentially(TestNG.java:1208)
at org.testng.TestNG.runSuitesLocally(TestNG.java:1137)
at org.testng.TestNG.runSuites(TestNG.java:1049)
at org.testng.TestNG.run(TestNG.java:1017)
at com.intellij.rt.testng.IDEARemoteTestNG.run(IDEARemoteTestNG.java:65)
at com.intellij.rt.testng.RemoteTestNGStarter.main(RemoteTestNGStarter.java:105)
]]>
    </failure>
  </testcase> <!-- test11_demo_post_Json_fail -->
  <testcase classname="org.example.demo111.TestCase.TestTestNGSequence" name="Addition_11" time="0.003"/>
  <testcase classname="org.example.demo111.TestCase.TestTestNGSequence" name="testDivision" time="0.003"/>
  <testcase classname="org.example.demo111.TestCase.TestTestNGSequence" name="test_Parameters" time="0.004"/>
  <testcase classname="org.example.demo111.TestCase.TestTestNGSequence" name="test_Parameters" time="0.004"/>
  <testcase classname="org.example.demo111.TestCase.TestTestNGSequence" name="test_Parameters" time="0.003"/>
  <testcase classname="org.example.demo111.TestCase.TestCMCC" name="test10_demo_post_Json_Success" time="0.0">
    <ignored/>
  </testcase> <!-- test10_demo_post_Json_Success -->
  <testcase classname="org.example.demo111.TestCase.TestCMCC" name="test2" time="0.0">
    <ignored/>
  </testcase> <!-- test2 -->
</testsuite> <!-- D:/IDEAProjects/demo111 -->
